O:\Case_Study\CaseStudy\dist\out-tsc\e2e\src\app.po.js
O:\Case_Study\CaseStudy\dist\out-tsc\e2e\src\app.po.js.map
O:\Case_Study\CaseStudy\dist\out-tsc\e2e\src\app.e2e-spec.js
O:\Case_Study\CaseStudy\dist\out-tsc\e2e\src\app.e2e-spec.js.map
O:\Case_Study\CaseStudy\dist\out-tsc\src\app\app-routing.module.js
O:\Case_Study\CaseStudy\dist\out-tsc\src\app\app-routing.module.js.map
O:\Case_Study\CaseStudy\dist\out-tsc\src\app\app.component.js
O:\Case_Study\CaseStudy\dist\out-tsc\src\app\app.component.js.map
O:\Case_Study\CaseStudy\dist\out-tsc\src\app\doctor\doctor.component.js
O:\Case_Study\CaseStudy\dist\out-tsc\src\app\doctor\doctor.component.js.map
O:\Case_Study\CaseStudy\dist\out-tsc\src\app\shared\registration.model.js
O:\Case_Study\CaseStudy\dist\out-tsc\src\app\shared\registration.model.js.map
O:\Case_Study\CaseStudy\dist\out-tsc\src\app\shared\registration.service.js
O:\Case_Study\CaseStudy\dist\out-tsc\src\app\shared\registration.service.js.map
O:\Case_Study\CaseStudy\dist\out-tsc\src\app\doctor\registration\registration.component.js
O:\Case_Study\CaseStudy\dist\out-tsc\src\app\doctor\registration\registration.component.js.map
O:\Case_Study\CaseStudy\dist\out-tsc\src\app\doctor\login\login.component.js
O:\Case_Study\CaseStudy\dist\out-tsc\src\app\doctor\login\login.component.js.map
O:\Case_Study\CaseStudy\dist\out-tsc\src\app\app.module.js
O:\Case_Study\CaseStudy\dist\out-tsc\src\app\app.module.js.map
O:\Case_Study\CaseStudy\dist\out-tsc\src\environments\environment.js
O:\Case_Study\CaseStudy\dist\out-tsc\src\environments\environment.js.map
O:\Case_Study\CaseStudy\dist\out-tsc\src\main.js
O:\Case_Study\CaseStudy\dist\out-tsc\src\main.js.map
O:\Case_Study\CaseStudy\dist\out-tsc\src\polyfills.js
O:\Case_Study\CaseStudy\dist\out-tsc\src\polyfills.js.map
O:\Case_Study\CaseStudy\dist\out-tsc\src\test.js
O:\Case_Study\CaseStudy\dist\out-tsc\src\test.js.map
O:\Case_Study\CaseStudy\dist\out-tsc\src\app\app.component.spec.js
O:\Case_Study\CaseStudy\dist\out-tsc\src\app\app.component.spec.js.map
O:\Case_Study\CaseStudy\dist\out-tsc\src\app\doctor\login\index.js
O:\Case_Study\CaseStudy\dist\out-tsc\src\app\doctor\login\index.js.map
O:\Case_Study\CaseStudy\dist\out-tsc\src\app\doctor\login\login.component.spec.js
O:\Case_Study\CaseStudy\dist\out-tsc\src\app\doctor\login\login.component.spec.js.map
O:\Case_Study\CaseStudy\dist\out-tsc\src\app\doctor\registration\index.js
O:\Case_Study\CaseStudy\dist\out-tsc\src\app\doctor\registration\index.js.map
O:\Case_Study\CaseStudy\dist\out-tsc\src\environments\environment.prod.js
O:\Case_Study\CaseStudy\dist\out-tsc\src\environments\environment.prod.js.map
