O:\Case_Study\doctorconsultation\dist\out-tsc\e2e\src\app.po.js
O:\Case_Study\doctorconsultation\dist\out-tsc\e2e\src\app.po.js.map
O:\Case_Study\doctorconsultation\dist\out-tsc\e2e\src\app.e2e-spec.js
O:\Case_Study\doctorconsultation\dist\out-tsc\e2e\src\app.e2e-spec.js.map
O:\Case_Study\doctorconsultation\dist\out-tsc\src\app\doctor.js
O:\Case_Study\doctorconsultation\dist\out-tsc\src\app\doctor.js.map
O:\Case_Study\doctorconsultation\dist\out-tsc\src\app\doctor.service.js
O:\Case_Study\doctorconsultation\dist\out-tsc\src\app\doctor.service.js.map
O:\Case_Study\doctorconsultation\dist\out-tsc\src\app\create-doctor\create-doctor.component.js
O:\Case_Study\doctorconsultation\dist\out-tsc\src\app\create-doctor\create-doctor.component.js.map
O:\Case_Study\doctorconsultation\dist\out-tsc\src\app\login\login.component.js
O:\Case_Study\doctorconsultation\dist\out-tsc\src\app\login\login.component.js.map
O:\Case_Study\doctorconsultation\dist\out-tsc\src\app\appointment.js
O:\Case_Study\doctorconsultation\dist\out-tsc\src\app\appointment.js.map
O:\Case_Study\doctorconsultation\dist\out-tsc\src\app\appointment.service.js
O:\Case_Study\doctorconsultation\dist\out-tsc\src\app\appointment.service.js.map
O:\Case_Study\doctorconsultation\dist\out-tsc\src\app\appointment-details\appointment-details.component.js
O:\Case_Study\doctorconsultation\dist\out-tsc\src\app\appointment-details\appointment-details.component.js.map
O:\Case_Study\doctorconsultation\dist\out-tsc\src\app\appointment-list\appointment-list.component.js
O:\Case_Study\doctorconsultation\dist\out-tsc\src\app\appointment-list\appointment-list.component.js.map
O:\Case_Study\doctorconsultation\dist\out-tsc\src\app\appointment-update\appointment-update.component.js
O:\Case_Study\doctorconsultation\dist\out-tsc\src\app\appointment-update\appointment-update.component.js.map
O:\Case_Study\doctorconsultation\dist\out-tsc\src\app\check-history\check-history.component.js
O:\Case_Study\doctorconsultation\dist\out-tsc\src\app\check-history\check-history.component.js.map
O:\Case_Study\doctorconsultation\dist\out-tsc\src\app\app-routing.module.js
O:\Case_Study\doctorconsultation\dist\out-tsc\src\app\app-routing.module.js.map
O:\Case_Study\doctorconsultation\dist\out-tsc\src\app\app.component.js
O:\Case_Study\doctorconsultation\dist\out-tsc\src\app\app.component.js.map
O:\Case_Study\doctorconsultation\dist\out-tsc\src\app\app.module.js
O:\Case_Study\doctorconsultation\dist\out-tsc\src\app\app.module.js.map
O:\Case_Study\doctorconsultation\dist\out-tsc\src\environments\environment.js
O:\Case_Study\doctorconsultation\dist\out-tsc\src\environments\environment.js.map
O:\Case_Study\doctorconsultation\dist\out-tsc\src\main.js
O:\Case_Study\doctorconsultation\dist\out-tsc\src\main.js.map
O:\Case_Study\doctorconsultation\dist\out-tsc\src\polyfills.js
O:\Case_Study\doctorconsultation\dist\out-tsc\src\polyfills.js.map
O:\Case_Study\doctorconsultation\dist\out-tsc\src\test.js
O:\Case_Study\doctorconsultation\dist\out-tsc\src\test.js.map
O:\Case_Study\doctorconsultation\dist\out-tsc\src\app\app.component.spec.js
O:\Case_Study\doctorconsultation\dist\out-tsc\src\app\app.component.spec.js.map
O:\Case_Study\doctorconsultation\dist\out-tsc\src\app\appointment.service.spec.js
O:\Case_Study\doctorconsultation\dist\out-tsc\src\app\appointment.service.spec.js.map
O:\Case_Study\doctorconsultation\dist\out-tsc\src\app\doctor.service.spec.js
O:\Case_Study\doctorconsultation\dist\out-tsc\src\app\doctor.service.spec.js.map
O:\Case_Study\doctorconsultation\dist\out-tsc\src\app\patient.service.js
O:\Case_Study\doctorconsultation\dist\out-tsc\src\app\patient.service.js.map
O:\Case_Study\doctorconsultation\dist\out-tsc\src\app\patient.service.spec.js
O:\Case_Study\doctorconsultation\dist\out-tsc\src\app\patient.service.spec.js.map
O:\Case_Study\doctorconsultation\dist\out-tsc\src\app\appointment-details\appointment-details.component.spec.js
O:\Case_Study\doctorconsultation\dist\out-tsc\src\app\appointment-details\appointment-details.component.spec.js.map
O:\Case_Study\doctorconsultation\dist\out-tsc\src\app\appointment-list\appointment-list.component.spec.js
O:\Case_Study\doctorconsultation\dist\out-tsc\src\app\appointment-list\appointment-list.component.spec.js.map
O:\Case_Study\doctorconsultation\dist\out-tsc\src\app\appointment-update\appointment-update.component.spec.js
O:\Case_Study\doctorconsultation\dist\out-tsc\src\app\appointment-update\appointment-update.component.spec.js.map
O:\Case_Study\doctorconsultation\dist\out-tsc\src\app\check-history\check-history.component.spec.js
O:\Case_Study\doctorconsultation\dist\out-tsc\src\app\check-history\check-history.component.spec.js.map
O:\Case_Study\doctorconsultation\dist\out-tsc\src\app\create-doctor\create-doctor.component.spec.js
O:\Case_Study\doctorconsultation\dist\out-tsc\src\app\create-doctor\create-doctor.component.spec.js.map
O:\Case_Study\doctorconsultation\dist\out-tsc\src\app\login\login.component.spec.js
O:\Case_Study\doctorconsultation\dist\out-tsc\src\app\login\login.component.spec.js.map
O:\Case_Study\doctorconsultation\dist\out-tsc\src\environments\environment.prod.js
O:\Case_Study\doctorconsultation\dist\out-tsc\src\environments\environment.prod.js.map
